2025-07-31 18:09:24 [main] INFO  Log - Starting WebDriver....
2025-07-31 18:09:27 [main] INFO  Log - Navigating to URL......
2025-07-31 18:09:29 [main] INFO  Log - Starting Login Test.....
2025-07-31 18:09:29 [main] INFO  Log - Adding Credentials.....
2025-07-31 18:09:29 [main] INFO  Log - Click login button..
2025-07-31 18:09:33 [main] INFO  Log - Verifying page title
2025-07-31 18:09:33 [main] INFO  Log - Closing Browser...
2025-08-01 16:49:24 [main] INFO  Log - Starting WebDriver....
2025-08-01 16:49:26 [main] INFO  Log - Navigating to URL......
2025-08-01 16:49:27 [main] INFO  Log - Starting Login Test.....
2025-08-01 16:49:27 [main] INFO  Log - Adding Credentials.....
2025-08-01 16:49:27 [main] INFO  Log - Click login button..
2025-08-01 16:49:30 [main] INFO  Log - Verifying page title
2025-08-01 16:49:30 [main] INFO  Log - Closing Browser...
2025-08-01 17:26:51 [main] INFO  Log - Starting WebDriver....
2025-08-01 17:26:53 [main] INFO  Log - Navigating to URL......
2025-08-01 17:26:54 [main] INFO  Log - Starting Login Test.....
2025-08-01 17:26:54 [main] INFO  Log - Adding Credentials.....
2025-08-01 17:26:55 [main] INFO  Log - Click login button..
2025-08-01 17:26:58 [main] INFO  Log - Verifying page title
2025-08-01 17:26:58 [main] INFO  Log - Closing Browser...
2025-08-01 17:31:23 [main] INFO  Log - Starting WebDriver....
2025-08-01 17:31:24 [main] INFO  Log - Starting WebDriver....
2025-08-01 17:31:25 [main] INFO  Log - Navigating to URL......
2025-08-01 17:31:26 [main] INFO  Log - Starting Login Test.....
2025-08-01 17:31:26 [main] INFO  Log - Adding Credentials.....
2025-08-01 17:31:27 [main] INFO  Log - Navigating to URL......
2025-08-01 17:31:27 [main] INFO  Log - Click login button..
2025-08-01 17:31:28 [main] INFO  Log - Starting Login Test.....
2025-08-01 17:31:28 [main] INFO  Log - Adding Credentials.....
2025-08-01 17:31:29 [main] INFO  Log - Click login button..
2025-08-01 17:31:30 [main] INFO  Log - Verifying page title
2025-08-01 17:31:30 [main] INFO  Log - Closing Browser...
2025-08-01 17:31:32 [main] INFO  Log - Verifying page title
2025-08-01 17:31:32 [main] INFO  Log - Closing Browser...
2025-08-01 17:32:17 [main] INFO  Log - Starting WebDriver....
2025-08-01 17:32:18 [main] INFO  Log - Navigating to URL......
2025-08-01 17:32:19 [main] INFO  Log - Starting Login Test.....
2025-08-01 17:32:19 [main] INFO  Log - Adding Credentials.....
2025-08-01 17:32:19 [main] INFO  Log - Click login button..
2025-08-01 17:32:21 [main] INFO  Log - Verifying page title
2025-08-01 17:32:21 [main] INFO  Log - Closing Browser...
2025-08-01 17:38:03 [main] INFO  Log - Starting WebDriver....
2025-08-01 17:38:04 [main] INFO  Log - Navigating to URL......
2025-08-01 17:38:05 [main] INFO  Log - Starting Login Test.....
2025-08-01 17:38:05 [main] INFO  Log - Adding Credentials.....
2025-08-01 17:38:06 [main] INFO  Log - Click login button..
2025-08-01 17:38:06 [main] INFO  Log - Verifying page title
2025-08-01 17:38:06 [main] INFO  Log - Closing Browser...
2025-08-01 17:38:07 [main] INFO  Log - Starting WebDriver....
2025-08-01 17:38:08 [main] INFO  Log - Navigating to URL......
2025-08-01 17:38:09 [main] INFO  Log - Starting Login Test.....
2025-08-01 17:38:09 [main] INFO  Log - Adding Credentials.....
2025-08-01 17:38:09 [main] INFO  Log - Click login button..
2025-08-01 17:38:12 [main] INFO  Log - Verifying page title
2025-08-01 17:38:12 [main] INFO  Log - Closing Browser...
